0 info it worked if it ends with ok
1 verbose cli [ 'node', '/Users/fred/.nvm/v0.10.28/bin/npm', 'start' ]
2 info using npm@2.10.0
3 info using node@v0.10.28
4 verbose run-script [ 'prestart', 'start', 'poststart' ]
5 info prestart firebasepoc@1.0.0
6 info start firebasepoc@1.0.0
7 verbose unsafe-perm in lifecycle true
8 info firebasepoc@1.0.0 Failed to exec start script
9 verbose stack Error: firebasepoc@1.0.0 start: `node server.js`
9 verbose stack Exit status 8
9 verbose stack     at EventEmitter.<anonymous> (/Users/fred/.nvm/v0.10.28/lib/node_modules/npm/lib/utils/lifecycle.js:213:16)
9 verbose stack     at EventEmitter.emit (events.js:98:17)
9 verbose stack     at ChildProcess.<anonymous> (/Users/fred/.nvm/v0.10.28/lib/node_modules/npm/lib/utils/spawn.js:24:14)
9 verbose stack     at ChildProcess.EventEmitter.emit (events.js:98:17)
9 verbose stack     at maybeClose (child_process.js:753:16)
9 verbose stack     at Process.ChildProcess._handle.onexit (child_process.js:820:5)
10 verbose pkgid firebasepoc@1.0.0
11 verbose cwd /Users/fred/dev/firebasepoc
12 error Darwin 14.3.0
13 error argv "node" "/Users/fred/.nvm/v0.10.28/bin/npm" "start"
14 error node v0.10.28
15 error npm  v2.10.0
16 error code ELIFECYCLE
17 error firebasepoc@1.0.0 start: `node server.js`
17 error Exit status 8
18 error Failed at the firebasepoc@1.0.0 start script 'node server.js'.
18 error This is most likely a problem with the firebasepoc package,
18 error not with npm itself.
18 error Tell the author that this fails on your system:
18 error     node server.js
18 error You can get their info via:
18 error     npm owner ls firebasepoc
18 error There is likely additional logging output above.
19 verbose exit [ 1, true ]
